[2025-03-07T09:41:37.056Z] [System] Connected to the database
[2025-03-07T09:50:16.771Z] [System] Connected to the database
[2025-03-07T09:54:38.085Z] [System] Connected to the database
[2025-03-07T09:57:36.965Z] [System] Connected to the database
[2025-03-07T10:02:00.593Z] [System] Connected to the database
[2025-03-07T10:03:05.425Z] [quin@gmail.com] User registered
[2025-03-07T10:04:31.123Z] [System] Connected to the database
[2025-03-07T10:05:14.905Z] [System] Connected to the database
[2025-03-07T10:08:22.374Z] [System] Connected to the database
[2025-03-07T10:10:17.978Z] [System] Connected to the database
[2025-03-07T10:16:16.276Z] [System] Connected to the database
[2025-03-07T10:21:42.346Z] [System] Connected to the database
[2025-03-07T10:22:00.800Z] [System] Connected to the database
[2025-03-07T10:31:34.024Z] [System] Connected to the database
[2025-03-07T10:35:35.731Z] [System] Connected to the database
[2025-03-07T10:36:58.719Z] [System] Connected to the database
[2025-03-07T10:37:12.012Z] [diazrafael82@yahoo.com] User logged in
[2025-03-07T10:46:53.378Z] [System] Connected to the database
[2025-03-07T10:46:56.390Z] [diazrafael82@yahoo.com] User logged in
[2025-03-07T10:46:58.802Z] [System] User logged out
[2025-03-07T10:47:04.805Z] [diazrafael82@yahoo.com] User logged in
[2025-03-07T10:47:57.004Z] [System] User logged out
[2025-03-07T10:48:30.241Z] [admin@gmail.com] User logged in
[2025-03-07T10:50:09.780Z] [System] Connected to the database
[2025-03-07T10:50:23.327Z] [admin@gmail.com] User logged in
[2025-03-07T10:51:25.766Z] [System] Connected to the database
[2025-03-07T10:51:31.058Z] [diazrafael82@yahoo.com] User logged in
[2025-03-07T10:51:33.241Z] [System] User logged out
[2025-03-07T10:51:37.292Z] [diazrafael82@yahoo.com] User logged in
[2025-03-07T10:51:41.033Z] [diazrafael82@yahoo.com] User logged in
[2025-03-07T10:51:52.823Z] [System] User logged out
[2025-03-07T10:52:03.251Z] [admin@gmail.com] User logged in
[2025-03-07T11:00:12.632Z] [System] Connected to the database
[2025-03-07T11:00:18.508Z] [diazrafael82@yahoo.com] User logged in
[2025-03-07T11:01:14.948Z] [System] Connected to the database
[2025-03-07T11:01:19.733Z] [diazrafael82@yahoo.com] User logged in
[2025-03-07T11:02:53.165Z] [System] Connected to the database
[2025-03-07T11:02:59.238Z] [diazrafael82@yahoo.com] User logged in
[2025-03-07T11:03:16.620Z] [System] User logged out
[2025-03-07T11:03:26.883Z] [rafaelinigod@gmail.com] User logged in
[2025-03-07T11:12:26.497Z] [System] User logged out
[2025-03-07T11:12:27.669Z] [diazrafael82@yahoo.com] User logged in
[2025-03-07T11:12:36.094Z] [System] Connected to the database
[2025-03-07T11:12:39.526Z] [diazrafael82@yahoo.com] User logged in
[2025-03-07T11:19:59.408Z] [System] Connected to the database
[2025-03-07T11:20:03.707Z] [diazrafael82@yahoo.com] User logged in
[2025-03-07T11:21:46.512Z] [System] Connected to the database
[2025-03-07T11:21:50.918Z] [diazrafael82@yahoo.com] User logged in
[2025-03-07T11:23:11.455Z] [System] Connected to the database
[2025-03-07T11:23:14.852Z] [diazrafael82@yahoo.com] User logged in
[2025-03-07T11:25:11.345Z] [System] Connected to the database
[2025-03-07T11:25:14.726Z] [diazrafael82@yahoo.com] User logged in
[2025-03-07T11:30:28.179Z] [System] Connected to the database
[2025-03-07T11:30:33.268Z] [diazrafael82@yahoo.com] User logged in
[2025-03-07T11:31:59.327Z] [System] Connected to the database
[2025-03-07T11:32:05.967Z] [diazrafael82@yahoo.com] User logged in
[2025-03-07T11:33:34.438Z] [System] Connected to the database
[2025-03-07T11:33:38.163Z] [diazrafael82@yahoo.com] User logged in
[2025-03-07T11:40:39.108Z] [System] Connected to the database
[2025-03-07T11:40:42.810Z] [diazrafael82@yahoo.com] User logged in
[2025-03-07T11:41:39.028Z] [System] User logged out
[2025-03-07T11:41:54.999Z] [admin@gmail.com] User logged in
[2025-03-07T11:46:25.219Z] [System] User logged out
[2025-03-07T11:46:28.188Z] [diazrafael82@yahoo.com] User logged in
[2025-03-07T11:46:43.673Z] [System] User logged out
[2025-03-07T11:46:52.030Z] [admin@gmail.com] User logged in
